<?xml version="1.0" encoding="UTF-8"?>
<testng-results ignored="0" total="2" passed="2" failed="0" skipped="0">
  <reporter-output>
  </reporter-output>
  <suite started-at="2022-08-09T13:39:11 IST" name="Surefire suite" finished-at="2022-08-09T13:39:21 IST" duration-ms="10491">
    <groups>
    </groups>
    <test started-at="2022-08-09T13:39:11 IST" name="Surefire test" finished-at="2022-08-09T13:39:21 IST" duration-ms="10491">
      <class name="com.mycompany.app.my_selenium_app.NewTest">
        <test-method signature="f()[pri:0, instance:com.mycompany.app.my_selenium_app.NewTest@780cb77]" started-at="2022-08-09T13:39:11 IST" name="f" finished-at="2022-08-09T13:39:11 IST" duration-ms="5" status="PASS">
          <reporter-output>
          </reporter-output>
        </test-method> <!-- f -->
        <test-method signature="launchrome()[pri:0, instance:com.mycompany.app.my_selenium_app.NewTest@780cb77]" started-at="2022-08-09T13:39:11 IST" name="launchrome" finished-at="2022-08-09T13:39:21 IST" duration-ms="10450" status="PASS">
          <reporter-output>
          </reporter-output>
        </test-method> <!-- launchrome -->
      </class> <!-- com.mycompany.app.my_selenium_app.NewTest -->
    </test> <!-- Surefire test -->
  </suite> <!-- Surefire suite -->
</testng-results>
