<?xml version="1.0" encoding="UTF-8"?>
<testng-results ignored="0" total="2" passed="2" failed="0" skipped="0">
  <reporter-output>
  </reporter-output>
  <suite started-at="2022-08-09T13:34:40 IST" name="Default suite" finished-at="2022-08-09T13:34:48 IST" duration-ms="8080">
    <groups>
    </groups>
    <test started-at="2022-08-09T13:34:40 IST" name="Default test" finished-at="2022-08-09T13:34:48 IST" duration-ms="8080">
      <class name="com.mycompany.app.my_selenium_app.NewTest">
        <test-method signature="f()[pri:0, instance:com.mycompany.app.my_selenium_app.NewTest@2e005c4b]" started-at="2022-08-09T13:34:40 IST" name="f" finished-at="2022-08-09T13:34:40 IST" duration-ms="11" status="PASS">
          <reporter-output>
          </reporter-output>
        </test-method> <!-- f -->
        <test-method signature="launchrome()[pri:0, instance:com.mycompany.app.my_selenium_app.NewTest@2e005c4b]" started-at="2022-08-09T13:34:40 IST" name="launchrome" finished-at="2022-08-09T13:34:48 IST" duration-ms="8032" status="PASS">
          <reporter-output>
          </reporter-output>
        </test-method> <!-- launchrome -->
      </class> <!-- com.mycompany.app.my_selenium_app.NewTest -->
    </test> <!-- Default test -->
  </suite> <!-- Default suite -->
</testng-results>
